<?xml version="1.0" encoding="UTF-8"?>
<!-- Generated by org.testng.reporters.JUnitReportReporter -->
<testsuite skipped="0" hostname="goodday-VAIO" name="com.schoolapp.taseCases.TC_Login_001" tests="1" failures="0" timestamp="29 Mar 2019 13:17:49 GMT" time="6.522" errors="0">
  <testcase name="loginTest" time="6.522" classname="com.schoolapp.taseCases.TC_Login_001"/>
</testsuite> <!-- com.schoolapp.taseCases.TC_Login_001 -->
